{
  "timestamp": "2026-02-22T14:45:35.113Z",
  "profiles": [
    {
      "id": "2c4db341-f401-4a84-b910-c02040e0e658",
      "email": "test_999@example.com",
      "full_name": "Test User",
      "avatar_url": null,
      "created_at": "2026-02-22T06:03:45.695349+00:00",
      "updated_at": "2026-02-22T06:03:45.695349+00:00",
      "role": "user",
      "crm_status": "lead",
      "notes": null,
      "whatsapp": null,
      "balance": 0,
      "is_super_admin": false,
      "permissions": {
        "can_manage_users": false,
        "can_view_metrics": false,
        "can_manage_prices": false,
        "can_view_settings": false,
        "can_manage_designs": false
      },
      "store_credit": 0,
      "control_id": "CLI-KKP3FX",
      "age": null,
      "city": null,
      "gender": null,
      "is_active": true,
      "deletion_requested_at": null,
      "marketing_consent": true
    },
    {
      "id": "b0a29465-8c7e-4793-9d58-d401ce269867",
      "email": "bejarano.v496@gmail.com",
      "full_name": "Vanessa Bejarano",
      "avatar_url": null,
      "created_at": "2026-02-21T02:52:59.977197+00:00",
      "updated_at": "2026-02-21T02:52:59.977197+00:00",
      "role": "user",
      "crm_status": "lead",
      "notes": null,
      "whatsapp": null,
      "balance": 0,
      "is_super_admin": false,
      "permissions": {
        "can_manage_users": false,
        "can_view_metrics": false,
        "can_manage_prices": false,
        "can_view_settings": false,
        "can_manage_designs": false
      },
      "store_credit": 0,
      "control_id": "CLI-0OPA7R",
      "age": null,
      "city": null,
      "gender": null,
      "is_active": true,
      "deletion_requested_at": null,
      "marketing_consent": true
    },
    {
      "id": "dc527887-9a29-42dc-aa6a-d92bd3172513",
      "email": "dfornerino.usa@gmail.com",
      "full_name": "Daniel Fornerino",
      "avatar_url": null,
      "created_at": "2026-02-19T04:19:50.393545+00:00",
      "updated_at": "2026-02-19T04:19:50.393545+00:00",
      "role": "admin",
      "crm_status": "lead",
      "notes": null,
      "whatsapp": null,
      "balance": 0,
      "is_super_admin": false,
      "permissions": {
        "can_manage_users": false,
        "can_view_metrics": false,
        "can_manage_prices": false,
        "can_view_settings": false,
        "can_manage_designs": false
      },
      "store_credit": 0,
      "control_id": "CLI-XZ7K1I",
      "age": null,
      "city": null,
      "gender": null,
      "is_active": true,
      "deletion_requested_at": null,
      "marketing_consent": true
    },
    {
      "id": "bcf9e6ce-b6c7-426c-be20-978de3f9c193",
      "email": "vanessa@milys.shop",
      "full_name": "vanessa bejarano",
      "avatar_url": null,
      "created_at": "2026-02-15T13:13:36.020794+00:00",
      "updated_at": "2026-02-15T13:13:36.020794+00:00",
      "role": "admin",
      "crm_status": "lead",
      "notes": null,
      "whatsapp": null,
      "balance": 0,
      "is_super_admin": true,
      "permissions": {
        "can_manage_users": true,
        "can_view_metrics": true,
        "can_manage_prices": true,
        "can_view_settings": true,
        "can_manage_designs": true
      },
      "store_credit": 0,
      "control_id": "CLI-AEYG3K",
      "age": null,
      "city": null,
      "gender": null,
      "is_active": true,
      "deletion_requested_at": null,
      "marketing_consent": true
    },
    {
      "id": "1cacb6ea-74a1-4296-9ad4-e01491d16ab7",
      "email": "BEJARANO.V189@GMAIL.COM",
      "full_name": "VANESSA BEJARANO",
      "avatar_url": null,
      "created_at": "2026-02-14T05:42:18.448204+00:00",
      "updated_at": "2026-02-14T05:42:18.448204+00:00",
      "role": "admin",
      "crm_status": "lead",
      "notes": null,
      "whatsapp": "04248797441",
      "balance": 0,
      "is_super_admin": false,
      "permissions": {
        "can_manage_users": false,
        "can_view_metrics": false,
        "can_manage_prices": false,
        "can_view_settings": false,
        "can_manage_designs": false
      },
      "store_credit": 0,
      "control_id": "CLI-VMD3IZ",
      "age": null,
      "city": null,
      "gender": null,
      "is_active": true,
      "deletion_requested_at": null,
      "marketing_consent": true
    }
  ],
  "totalProfilesCount": 5,
  "authAdminError": "Database error finding users",
  "orderSync": {
    "totalAuthenticatedOrders": 21,
    "missingProfilesInOrdersCount": 0,
    "missingUserIds": []
  },
  "exactTotalProfiles": 5
}